<?xml version="1.0" encoding="UTF-8"?>
<testsuites name="jest tests" tests="5" failures="5" errors="0" time="0.911">
  <testsuite name="Complete Page Loading Properties (Standalone)" errors="0" failures="5" skipped="0" timestamp="2025-12-27T16:10:43" time="0.798" tests="5">
    <testcase classname="Complete Page Loading Properties (Standalone) Property 1: Page initialization completes without refresh requirement" name="Complete Page Loading Properties (Standalone) Property 1: Page initialization completes without refresh requirement" time="0.002">
      <failure>Error: Server is not running. Please start the server before running tests.
    at Object.setup (D:\APLIKASI_cursor\ManajemenResikoProject\tests\utils\test-helpers.js:188:13)
    at processTicksAndRejections (node:internal/process/task_queues:105:5)
    at Object.&lt;anonymous&gt; (D:\APLIKASI_cursor\ManajemenResikoProject\tests\setup.js:68:3)</failure>
    </testcase>
    <testcase classname="Complete Page Loading Properties (Standalone) Property 2: Module loading is idempotent" name="Complete Page Loading Properties (Standalone) Property 2: Module loading is idempotent" time="0.001">
      <failure>Error: Server is not running. Please start the server before running tests.
    at Object.setup (D:\APLIKASI_cursor\ManajemenResikoProject\tests\utils\test-helpers.js:188:13)
    at processTicksAndRejections (node:internal/process/task_queues:105:5)
    at Object.&lt;anonymous&gt; (D:\APLIKASI_cursor\ManajemenResikoProject\tests\setup.js:68:3)</failure>
    </testcase>
    <testcase classname="Complete Page Loading Properties (Standalone) Property 3: UI enhancements preserve existing functionality" name="Complete Page Loading Properties (Standalone) Property 3: UI enhancements preserve existing functionality" time="0.001">
      <failure>Error: Server is not running. Please start the server before running tests.
    at Object.setup (D:\APLIKASI_cursor\ManajemenResikoProject\tests\utils\test-helpers.js:188:13)
    at processTicksAndRejections (node:internal/process/task_queues:105:5)
    at Object.&lt;anonymous&gt; (D:\APLIKASI_cursor\ManajemenResikoProject\tests\setup.js:68:3)</failure>
    </testcase>
    <testcase classname="Complete Page Loading Properties (Standalone) Property 4: Performance requirements are met" name="Complete Page Loading Properties (Standalone) Property 4: Performance requirements are met" time="0.001">
      <failure>Error: Server is not running. Please start the server before running tests.
    at Object.setup (D:\APLIKASI_cursor\ManajemenResikoProject\tests\utils\test-helpers.js:188:13)
    at processTicksAndRejections (node:internal/process/task_queues:105:5)
    at Object.&lt;anonymous&gt; (D:\APLIKASI_cursor\ManajemenResikoProject\tests\setup.js:68:3)</failure>
    </testcase>
    <testcase classname="Complete Page Loading Properties (Standalone) Property 5: Error recovery works correctly" name="Complete Page Loading Properties (Standalone) Property 5: Error recovery works correctly" time="0">
      <failure>Error: Server is not running. Please start the server before running tests.
    at Object.setup (D:\APLIKASI_cursor\ManajemenResikoProject\tests\utils\test-helpers.js:188:13)
    at processTicksAndRejections (node:internal/process/task_queues:105:5)
    at Object.&lt;anonymous&gt; (D:\APLIKASI_cursor\ManajemenResikoProject\tests\setup.js:68:3)</failure>
    </testcase>
  </testsuite>
</testsuites>